[2026-03-28 13:35:53] [INFO] ========== SYSTEM AUDIT STARTED ==========
[2026-03-28 13:35:53] [INFO] Checking requirements...
[2026-03-28 13:35:53] [INFO] All requirements satisfied
[2026-03-28 13:35:53] [INFO] Short report saved to: reports/short_report_20260328_133553.html
[2026-03-28 13:37:12] [INFO] ========== SYSTEM AUDIT STARTED ==========
[2026-03-28 13:37:12] [INFO] Checking requirements...
[2026-03-28 13:37:12] [INFO] All requirements satisfied
[2026-03-28 13:37:12] [INFO] Short report saved to: reports/short_report_20260328_133712.html
[2026-03-28 13:37:19] [INFO] Full report saved to: reports/full_report_20260328_133712.html
[2026-03-28 13:37:21] [SUCCESS] Short report sent to fatehhammiche7@gmail.com
[2026-03-28 13:37:42] [SUCCESS] Full report sent to fatehhammiche7@gmail.com
[2026-03-28 13:37:42] [INFO] Cleaning up old reports (older than 30 days)...
[2026-03-28 13:37:42] [INFO] Cleanup completed
[2026-03-28 13:37:42] [INFO] ========== SYSTEM AUDIT COMPLETED ==========
[2026-03-28 13:41:22] [INFO] ========== SYSTEM AUDIT STARTED ==========
[2026-03-28 13:41:22] [INFO] Checking requirements...
[2026-03-28 13:41:22] [INFO] All requirements satisfied
[2026-03-28 13:41:22] [INFO] Short report saved to: reports/short_report_20260328_134122.html
[2026-03-28 13:41:23] [INFO] Full report saved to: reports/full_report_20260328_134122.html
[2026-03-28 13:41:25] [SUCCESS] Short report sent to fatehhammiche7@gmail.com
[2026-03-28 13:41:26] [SUCCESS] Full report sent to fatehhammiche7@gmail.com
[2026-03-28 13:41:26] [INFO] Cleaning up old reports (older than 30 days)...
[2026-03-28 13:41:27] [INFO] Cleanup completed
[2026-03-28 13:41:27] [INFO] ========== SYSTEM AUDIT COMPLETED ==========
[2026-03-28 13:45:37] [INFO] ========== SYSTEM AUDIT STARTED ==========
[2026-03-28 13:45:37] [INFO] Checking requirements...
[2026-03-28 13:45:37] [INFO] All requirements satisfied
[2026-03-28 13:45:37] [INFO] Short report saved to: reports/short_report_20260328_134537.html
[2026-03-28 13:45:38] [INFO] Full report saved to: reports/full_report_20260328_134537.html
[2026-03-28 13:45:59] [SUCCESS] Short report sent to fatehhammiche7@gmail.com
[2026-03-28 13:46:01] [SUCCESS] Full report sent to fatehhammiche7@gmail.com
[2026-03-28 13:46:01] [INFO] Cleaning up old reports (older than 30 days)...
[2026-03-28 13:46:01] [INFO] Cleanup completed
[2026-03-28 13:46:01] [INFO] ========== SYSTEM AUDIT COMPLETED ==========
[2026-03-28 13:51:33] [INFO] ========== SYSTEM AUDIT STARTED ==========
[2026-03-28 13:51:33] [INFO] Checking requirements...
[2026-03-28 13:51:33] [INFO] All requirements satisfied
[2026-03-28 13:51:33] [INFO] Short report saved to: reports/short_report_20260328_135133.html
[2026-03-28 13:51:34] [INFO] Full report saved to: reports/full_report_20260328_135133.html
[2026-03-28 13:51:35] [SUCCESS] Short report sent to fatehhammiche7@gmail.com
[2026-03-28 13:51:37] [SUCCESS] Full report sent to fatehhammiche7@gmail.com
[2026-03-28 13:51:37] [INFO] Cleaning up old reports (older than 30 days)...
[2026-03-28 13:51:37] [INFO] Cleanup completed
[2026-03-28 13:51:37] [INFO] ========== SYSTEM AUDIT COMPLETED ==========
[2026-03-28 22:21:47] [INFO] ========== SYSTEM AUDIT STARTED ==========
[2026-03-28 22:21:47] [INFO] Checking requirements...
[2026-03-28 22:21:47] [INFO] All requirements satisfied
[2026-03-28 22:21:48] [INFO] Short report saved to: reports/short_report_20260328_222147.html
[2026-03-28 22:21:49] [INFO] Full report saved to: reports/full_report_20260328_222147.html
[2026-03-28 22:21:54] [SUCCESS] Short report sent to fatehhammiche7@gmail.com
[2026-03-28 22:21:56] [SUCCESS] Full report sent to fatehhammiche7@gmail.com
[2026-03-28 22:21:56] [INFO] Cleaning up old reports (older than 30 days)...
[2026-03-28 22:21:56] [INFO] Cleanup completed
[2026-03-28 22:21:56] [INFO] ========== SYSTEM AUDIT COMPLETED ==========
[2026-03-28 22:25:02] [INFO] ========== SYSTEM AUDIT STARTED ==========
[2026-03-28 22:25:02] [INFO] Checking requirements...
[2026-03-28 22:25:02] [INFO] All requirements satisfied
[2026-03-28 22:25:02] [INFO] Short report saved to: reports/short_report_20260328_222502.html
[2026-03-28 22:25:03] [INFO] Full report saved to: reports/full_report_20260328_222502.html
[2026-03-28 22:25:05] [SUCCESS] Short report sent to fatehhammiche7@gmail.com
[2026-03-28 22:25:07] [SUCCESS] Full report sent to fatehhammiche7@gmail.com
[2026-03-28 22:25:07] [INFO] Cleaning up old reports (older than 30 days)...
[2026-03-28 22:25:07] [INFO] Cleanup completed
[2026-03-28 22:25:07] [INFO] ========== SYSTEM AUDIT COMPLETED ==========
[2026-03-28 22:36:08] [INFO] ========== SYSTEM AUDIT STARTED ==========
[2026-03-28 22:36:08] [INFO] Checking requirements...
[2026-03-28 22:36:08] [INFO] All requirements satisfied
[2026-03-28 22:36:09] [INFO] Short report saved to: reports/short_report_20260328_223608.html
[2026-03-28 22:36:10] [INFO] Full report saved to: reports/full_report_20260328_223608.html
[2026-03-28 22:36:12] [SUCCESS] Short report sent to fatehhammiche7@gmail.com
[2026-03-28 22:36:13] [SUCCESS] Full report sent to fatehhammiche7@gmail.com
[2026-03-28 22:36:14] [INFO] Cleaning up old reports (older than 30 days)...
[2026-03-28 22:36:14] [INFO] Cleanup completed
[2026-03-28 22:36:14] [INFO] ========== SYSTEM AUDIT COMPLETED ==========
[2026-03-28 22:49:01] [INFO] ========== SYSTEM AUDIT STARTED ==========
[2026-03-28 22:49:01] [INFO] Checking requirements...
[2026-03-28 22:49:01] [INFO] All requirements satisfied
[2026-03-28 22:49:01] [INFO] Short report saved to: reports/short_report_20260328_224901.html
[2026-03-28 22:49:03] [INFO] Full report saved to: reports/full_report_20260328_224901.html
[2026-03-28 22:49:05] [SUCCESS] Short report sent to fatehhammiche7@gmail.com
[2026-03-28 22:49:07] [SUCCESS] Full report sent to fatehhammiche7@gmail.com
[2026-03-28 22:49:07] [INFO] Cleaning up old reports (older than 30 days)...
[2026-03-28 22:49:07] [INFO] Cleanup completed
[2026-03-28 22:49:07] [INFO] ========== SYSTEM AUDIT COMPLETED ==========
[2026-03-28 22:50:01] [INFO] ========== SYSTEM AUDIT STARTED ==========
[2026-03-28 22:50:01] [INFO] ========== SYSTEM AUDIT STARTED ==========
[2026-03-28 22:50:01] [INFO] Checking requirements...
[2026-03-28 22:50:01] [INFO] Checking requirements...
[2026-03-28 22:50:01] [INFO] All requirements satisfied
[2026-03-28 22:50:01] [INFO] All requirements satisfied
[2026-03-28 22:50:01] [INFO] Short report saved to: reports/short_report_20260328_225001.html
[2026-03-28 22:50:01] [INFO] Short report saved to: reports/short_report_20260328_225001.html
[2026-03-28 22:50:02] [INFO] Full report saved to: reports/full_report_20260328_225001.html
[2026-03-28 22:50:02] [INFO] Full report saved to: reports/full_report_20260328_225001.html
[2026-03-28 22:50:04] [SUCCESS] Short report sent to fatehhammiche7@gmail.com
[2026-03-28 22:50:05] [SUCCESS] Short report sent to fatehhammiche7@gmail.com
[2026-03-28 22:50:07] [SUCCESS] Full report sent to fatehhammiche7@gmail.com
[2026-03-28 22:50:07] [INFO] Cleaning up old reports (older than 30 days)...
[2026-03-28 22:50:07] [INFO] Cleanup completed
[2026-03-28 22:50:07] [INFO] ========== SYSTEM AUDIT COMPLETED ==========
[2026-03-28 22:50:08] [SUCCESS] Full report sent to fatehhammiche7@gmail.com
[2026-03-28 22:50:08] [INFO] Cleaning up old reports (older than 30 days)...
[2026-03-28 22:50:08] [INFO] Cleanup completed
[2026-03-28 22:50:08] [INFO] ========== SYSTEM AUDIT COMPLETED ==========
[2026-03-28 22:51:01] [INFO] ========== SYSTEM AUDIT STARTED ==========
[2026-03-28 22:51:01] [INFO] Checking requirements...
[2026-03-28 22:51:01] [INFO] All requirements satisfied
[2026-03-28 22:51:01] [INFO] Short report saved to: reports/short_report_20260328_225101.html
[2026-03-28 22:51:03] [INFO] Full report saved to: reports/full_report_20260328_225101.html
[2026-03-28 22:51:04] [SUCCESS] Short report sent to fatehhammiche7@gmail.com
[2026-03-28 22:51:06] [SUCCESS] Full report sent to fatehhammiche7@gmail.com
[2026-03-28 22:51:06] [INFO] Cleaning up old reports (older than 30 days)...
[2026-03-28 22:51:06] [INFO] Cleanup completed
[2026-03-28 22:51:06] [INFO] ========== SYSTEM AUDIT COMPLETED ==========
[2026-03-28 22:52:01] [INFO] ========== SYSTEM AUDIT STARTED ==========
[2026-03-28 22:52:01] [INFO] Checking requirements...
[2026-03-28 22:52:01] [INFO] All requirements satisfied
[2026-03-28 22:52:02] [INFO] Short report saved to: reports/short_report_20260328_225201.html
[2026-03-28 22:52:03] [INFO] Full report saved to: reports/full_report_20260328_225201.html
[2026-03-28 22:52:05] [SUCCESS] Short report sent to fatehhammiche7@gmail.com
[2026-03-28 22:52:08] [SUCCESS] Full report sent to fatehhammiche7@gmail.com
[2026-03-28 22:52:08] [INFO] Cleaning up old reports (older than 30 days)...
[2026-03-28 22:52:08] [INFO] Cleanup completed
[2026-03-28 22:52:08] [INFO] ========== SYSTEM AUDIT COMPLETED ==========
[2026-03-28 22:53:01] [INFO] ========== SYSTEM AUDIT STARTED ==========
[2026-03-28 22:53:01] [INFO] Checking requirements...
[2026-03-28 22:53:01] [INFO] All requirements satisfied
[2026-03-28 22:53:01] [INFO] Short report saved to: reports/short_report_20260328_225301.html
[2026-03-28 22:53:02] [INFO] Full report saved to: reports/full_report_20260328_225301.html
[2026-03-28 22:53:04] [SUCCESS] Short report sent to fatehhammiche7@gmail.com
[2026-03-28 22:53:06] [SUCCESS] Full report sent to fatehhammiche7@gmail.com
[2026-03-28 22:53:06] [INFO] Cleaning up old reports (older than 30 days)...
[2026-03-28 22:53:06] [INFO] Cleanup completed
[2026-03-28 22:53:06] [INFO] ========== SYSTEM AUDIT COMPLETED ==========
[2026-03-28 22:55:01] [INFO] ========== SYSTEM AUDIT STARTED ==========
[2026-03-28 22:55:01] [INFO] Checking requirements...
[2026-03-28 22:55:01] [INFO] All requirements satisfied
[2026-03-28 22:55:02] [INFO] Short report saved to: reports/short_report_20260328_225501.html
[2026-03-28 22:55:03] [INFO] Full report saved to: reports/full_report_20260328_225501.html
[2026-03-28 22:55:10] [SUCCESS] Short report sent to fatehhammiche7@gmail.com
[2026-03-28 22:55:16] [SUCCESS] Full report sent to fatehhammiche7@gmail.com
[2026-03-28 22:55:16] [INFO] Cleaning up old reports (older than 30 days)...
[2026-03-28 22:55:17] [INFO] Cleanup completed
[2026-03-28 22:55:17] [INFO] ========== SYSTEM AUDIT COMPLETED ==========
[2026-03-28 23:02:01] [INFO] ========== SYSTEM AUDIT STARTED ==========
[2026-03-28 23:02:01] [INFO] Checking requirements...
[2026-03-28 23:02:01] [INFO] All requirements satisfied
[2026-03-28 23:02:01] [INFO] Short report saved to: reports/short_report_20260328_230201.html
[2026-03-28 23:02:02] [INFO] Full report saved to: reports/full_report_20260328_230201.html
[2026-03-28 23:02:04] [SUCCESS] Short report sent to fatehhammiche7@gmail.com
[2026-03-28 23:02:06] [SUCCESS] Full report sent to fatehhammiche7@gmail.com
[2026-03-28 23:02:06] [INFO] Cleaning up old reports (older than 30 days)...
[2026-03-28 23:02:06] [INFO] Cleanup completed
[2026-03-28 23:02:06] [INFO] ========== SYSTEM AUDIT COMPLETED ==========
