[2026-03-27 00:12:45] [INFO] ========== SYSTEM AUDIT STARTED ==========
[2026-03-27 00:12:45] [INFO] Checking requirements...
[2026-03-27 00:12:45] [INFO] All requirements satisfied
[2026-03-27 00:12:46] [INFO] Short report saved to: reports/short_report_20260327_001245.html
[2026-03-27 00:12:46] [INFO] Full report saved to: reports/full_report_20260327_001245.html
[2026-03-27 00:12:48] [SUCCESS] Short report sent to fatehhammiche7@gmail.com
[2026-03-27 00:12:49] [SUCCESS] Full report sent to fatehhammiche7@gmail.com
[2026-03-27 00:12:49] [INFO] Cleaning up old reports (older than 30 days)...
[2026-03-27 00:12:49] [INFO] Cleanup completed
[2026-03-27 00:12:49] [INFO] ========== SYSTEM AUDIT COMPLETED ==========
[2026-03-27 00:23:46] [INFO] ========== SYSTEM AUDIT STARTED ==========
[2026-03-27 00:23:46] [INFO] Checking requirements...
[2026-03-27 00:23:46] [INFO] All requirements satisfied
[2026-03-27 00:23:46] [INFO] Short report saved to: reports/short_report_20260327_002346.html
[2026-03-27 00:23:57] [INFO] Full report saved to: reports/full_report_20260327_002346.html
[2026-03-27 00:23:58] [SUCCESS] Short report sent to fatehhammiche7@gmail.com
[2026-03-27 00:24:00] [SUCCESS] Full report sent to fatehhammiche7@gmail.com
[2026-03-27 00:24:00] [INFO] Cleaning up old reports (older than 30 days)...
[2026-03-27 00:24:00] [INFO] Cleanup completed
[2026-03-27 00:24:00] [INFO] ========== SYSTEM AUDIT COMPLETED ==========
[2026-03-27 00:24:06] [INFO] ========== SYSTEM AUDIT STARTED ==========
[2026-03-27 00:24:06] [INFO] Checking requirements...
[2026-03-27 00:24:06] [INFO] All requirements satisfied
[2026-03-27 00:24:06] [INFO] Short report saved to: reports/short_report_20260327_002406.html
[2026-03-27 00:24:07] [INFO] Full report saved to: reports/full_report_20260327_002406.html
[2026-03-27 00:24:08] [SUCCESS] Short report sent to fatehhammiche7@gmail.com
[2026-03-27 00:24:10] [SUCCESS] Full report sent to fatehhammiche7@gmail.com
[2026-03-27 00:24:10] [INFO] Cleaning up old reports (older than 30 days)...
[2026-03-27 00:24:10] [INFO] Cleanup completed
[2026-03-27 00:24:10] [INFO] ========== SYSTEM AUDIT COMPLETED ==========
[2026-03-27 00:33:10] [INFO] ========== SYSTEM AUDIT STARTED ==========
[2026-03-27 00:33:10] [INFO] Checking requirements...
[2026-03-27 00:33:10] [INFO] All requirements satisfied
[2026-03-27 00:33:10] [INFO] Short report saved to: reports/short_report_20260327_003310.html
[2026-03-27 00:33:11] [INFO] Full report saved to: reports/full_report_20260327_003310.html
[2026-03-27 00:33:13] [SUCCESS] Short report sent to hamichfateh04@gmail.com
[2026-03-27 00:33:14] [SUCCESS] Full report sent to hamichfateh04@gmail.com
[2026-03-27 00:33:14] [INFO] Cleaning up old reports (older than 30 days)...
[2026-03-27 00:33:14] [INFO] Cleanup completed
[2026-03-27 00:33:15] [INFO] ========== SYSTEM AUDIT COMPLETED ==========
[2026-03-27 00:35:45] [INFO] ========== SYSTEM AUDIT STARTED ==========
[2026-03-27 00:35:45] [INFO] Checking requirements...
[2026-03-27 00:35:45] [INFO] All requirements satisfied
[2026-03-27 00:35:45] [INFO] Short report saved to: reports/short_report_20260327_003545.html
[2026-03-27 00:35:46] [INFO] Full report saved to: reports/full_report_20260327_003545.html
[2026-03-27 00:35:47] [SUCCESS] Short report sent to hamichfateh04@gmail.com
[2026-03-27 00:35:48] [SUCCESS] Full report sent to hamichfateh04@gmail.com
[2026-03-27 00:35:48] [INFO] Cleaning up old reports (older than 30 days)...
[2026-03-27 00:35:48] [INFO] Cleanup completed
[2026-03-27 00:35:48] [INFO] ========== SYSTEM AUDIT COMPLETED ==========
[2026-03-27 00:44:42] [INFO] ========== SYSTEM AUDIT STARTED ==========
[2026-03-27 00:44:42] [INFO] Checking requirements...
[2026-03-27 00:44:42] [INFO] All requirements satisfied
[2026-03-27 00:44:42] [INFO] Short report saved to: reports/short_report_20260327_004442.html
[2026-03-27 00:44:43] [INFO] Full report saved to: reports/full_report_20260327_004442.html
[2026-03-27 00:44:44] [SUCCESS] Short report sent to hamichfateh04@gmail.com
[2026-03-27 00:44:46] [SUCCESS] Full report sent to hamichfateh04@gmail.com
[2026-03-27 00:44:46] [INFO] Cleaning up old reports (older than 30 days)...
[2026-03-27 00:44:46] [INFO] Cleanup completed
[2026-03-27 00:44:46] [INFO] ========== SYSTEM AUDIT COMPLETED ==========
[2026-03-27 16:03:22] [INFO] ========== SYSTEM AUDIT STARTED ==========
[2026-03-27 16:03:22] [INFO] Checking requirements...
[2026-03-27 16:03:22] [INFO] All requirements satisfied
[2026-03-27 16:03:23] [INFO] Short report saved to: reports/short_report_20260327_160322.html
[2026-03-27 16:03:31] [INFO] Full report saved to: reports/full_report_20260327_160322.html
[2026-03-27 16:03:33] [SUCCESS] Short report sent to hamichfateh04@gmail.com
[2026-03-27 16:03:34] [SUCCESS] Full report sent to hamichfateh04@gmail.com
[2026-03-27 16:03:36] [SUCCESS] Short report sent to belarmas.abdelouahab@gmail.com
[2026-03-27 16:03:38] [SUCCESS] Full report sent to belarmas.abdelouahab@gmail.com
[2026-03-27 16:03:38] [INFO] Cleaning up old reports (older than 30 days)...
[2026-03-27 16:03:38] [INFO] Cleanup completed
[2026-03-27 16:03:38] [INFO] ========== SYSTEM AUDIT COMPLETED ==========
[2026-03-27 16:08:15] [INFO] ========== SYSTEM AUDIT STARTED ==========
[2026-03-27 16:08:15] [INFO] Checking requirements...
[2026-03-27 16:08:15] [INFO] All requirements satisfied
[2026-03-27 16:08:15] [INFO] Short report saved to: reports/short_report_20260327_160815.html
[2026-03-27 16:08:16] [INFO] Full report saved to: reports/full_report_20260327_160815.html
[2026-03-27 16:08:17] [SUCCESS] Short report sent to hamichfateh04@gmail.com
[2026-03-27 16:08:19] [SUCCESS] Full report sent to hamichfateh04@gmail.com
[2026-03-27 16:08:22] [SUCCESS] Short report sent to belarmas.abdelouahab@gmail.com
[2026-03-27 16:08:24] [SUCCESS] Full report sent to belarmas.abdelouahab@gmail.com
[2026-03-27 16:08:24] [INFO] Cleaning up old reports (older than 30 days)...
[2026-03-27 16:08:24] [INFO] Cleanup completed
[2026-03-27 16:08:24] [INFO] ========== SYSTEM AUDIT COMPLETED ==========
[2026-03-27 16:13:18] [INFO] ========== SYSTEM AUDIT STARTED ==========
[2026-03-27 16:13:18] [INFO] Checking requirements...
[2026-03-27 16:13:18] [INFO] All requirements satisfied
[2026-03-27 16:13:19] [INFO] Short report saved to: reports/short_report_20260327_161318.html
[2026-03-27 16:13:19] [INFO] Full report saved to: reports/full_report_20260327_161318.html
[2026-03-27 16:13:21] [SUCCESS] Short report sent to hamichfateh04@gmail.com
[2026-03-27 16:13:22] [SUCCESS] Full report sent to hamichfateh04@gmail.com
[2026-03-27 16:13:22] [INFO] Cleaning up old reports (older than 30 days)...
[2026-03-27 16:13:22] [INFO] Cleanup completed
[2026-03-27 16:13:22] [INFO] ========== SYSTEM AUDIT COMPLETED ==========
[2026-03-27 16:21:09] [INFO] ========== SYSTEM AUDIT STARTED ==========
[2026-03-27 16:21:09] [INFO] Checking requirements...
[2026-03-27 16:21:09] [INFO] All requirements satisfied
[2026-03-27 16:21:09] [INFO] Short report saved to: reports/short_report_20260327_162109.html
[2026-03-27 16:21:10] [INFO] Full report saved to: reports/full_report_20260327_162109.html
[2026-03-27 16:21:11] [SUCCESS] Short report sent to hamichfateh04@gmail.com
[2026-03-27 16:21:14] [SUCCESS] Full report sent to hamichfateh04@gmail.com
[2026-03-27 16:21:14] [INFO] Cleaning up old reports (older than 30 days)...
[2026-03-27 16:21:14] [INFO] Cleanup completed
[2026-03-27 16:21:14] [INFO] ========== SYSTEM AUDIT COMPLETED ==========
[2026-03-27 16:22:21] [INFO] ========== SYSTEM AUDIT STARTED ==========
[2026-03-27 16:22:21] [INFO] Checking requirements...
[2026-03-27 16:22:21] [INFO] All requirements satisfied
[2026-03-27 16:22:21] [INFO] Short report saved to: reports/short_report_20260327_162221.html
[2026-03-27 16:22:22] [INFO] Full report saved to: reports/full_report_20260327_162221.html
[2026-03-27 16:22:23] [SUCCESS] Short report sent to hamichfateh04@gmail.com
[2026-03-27 16:22:25] [SUCCESS] Full report sent to hamichfateh04@gmail.com
[2026-03-27 16:22:25] [INFO] Cleaning up old reports (older than 30 days)...
[2026-03-27 16:22:25] [INFO] Cleanup completed
[2026-03-27 16:22:25] [INFO] ========== SYSTEM AUDIT COMPLETED ==========
[2026-03-27 16:24:18] [INFO] ========== SYSTEM AUDIT STARTED ==========
[2026-03-27 16:24:18] [INFO] Checking requirements...
[2026-03-27 16:24:18] [INFO] All requirements satisfied
[2026-03-27 16:24:18] [INFO] Short report saved to: reports/short_report_20260327_162418.html
[2026-03-27 16:24:19] [INFO] Full report saved to: reports/full_report_20260327_162418.html
[2026-03-27 16:24:20] [SUCCESS] Short report sent to hamichfateh04@gmail.com
[2026-03-27 16:24:22] [SUCCESS] Full report sent to hamichfateh04@gmail.com
[2026-03-27 16:24:22] [INFO] Cleaning up old reports (older than 30 days)...
[2026-03-27 16:24:22] [INFO] Cleanup completed
[2026-03-27 16:24:22] [INFO] ========== SYSTEM AUDIT COMPLETED ==========
[2026-03-27 16:24:56] [INFO] ========== SYSTEM AUDIT STARTED ==========
[2026-03-27 16:24:56] [INFO] Checking requirements...
[2026-03-27 16:24:56] [INFO] All requirements satisfied
[2026-03-27 16:24:57] [INFO] Short report saved to: reports/short_report_20260327_162456.html
[2026-03-27 16:24:57] [INFO] Full report saved to: reports/full_report_20260327_162456.html
[2026-03-27 16:24:59] [SUCCESS] Short report sent to hamichfateh04@gmail.com
[2026-03-27 16:25:00] [SUCCESS] Full report sent to hamichfateh04@gmail.com
[2026-03-27 16:25:00] [INFO] Cleaning up old reports (older than 30 days)...
[2026-03-27 16:25:00] [INFO] Cleanup completed
[2026-03-27 16:25:00] [INFO] ========== SYSTEM AUDIT COMPLETED ==========
[2026-03-27 16:26:09] [INFO] ========== SYSTEM AUDIT STARTED ==========
[2026-03-27 16:26:09] [INFO] Checking requirements...
[2026-03-27 16:26:09] [INFO] All requirements satisfied
[2026-03-27 16:26:09] [INFO] Short report saved to: reports/short_report_20260327_162609.html
[2026-03-27 16:26:09] [INFO] Full report saved to: reports/full_report_20260327_162609.html
[2026-03-27 16:26:11] [SUCCESS] Short report sent to fatehhammiche7@gmail.com
[2026-03-27 16:26:12] [SUCCESS] Full report sent to fatehhammiche7@gmail.com
[2026-03-27 16:26:12] [INFO] Cleaning up old reports (older than 30 days)...
[2026-03-27 16:26:12] [INFO] Cleanup completed
[2026-03-27 16:26:12] [INFO] ========== SYSTEM AUDIT COMPLETED ==========
[2026-03-27 16:28:23] [INFO] ========== SYSTEM AUDIT STARTED ==========
[2026-03-27 16:28:23] [INFO] Checking requirements...
[2026-03-27 16:28:23] [INFO] All requirements satisfied
[2026-03-27 16:28:24] [INFO] Short report saved to: reports/short_report_20260327_162823.html
[2026-03-27 16:28:24] [INFO] Full report saved to: reports/full_report_20260327_162823.html
[2026-03-27 16:28:26] [SUCCESS] Short report sent to fatehhammiche7@gmail.com
[2026-03-27 16:28:27] [SUCCESS] Full report sent to fatehhammiche7@gmail.com
[2026-03-27 16:28:27] [INFO] Cleaning up old reports (older than 30 days)...
[2026-03-27 16:28:27] [INFO] Cleanup completed
[2026-03-27 16:28:27] [INFO] ========== SYSTEM AUDIT COMPLETED ==========
[2026-03-27 16:36:34] [INFO] ========== SYSTEM AUDIT STARTED ==========
[2026-03-27 16:36:34] [INFO] Checking requirements...
[2026-03-27 16:36:34] [INFO] All requirements satisfied
[2026-03-27 16:36:34] [INFO] Short report saved to: reports/short_report_20260327_163634.html
[2026-03-27 16:36:35] [INFO] Full report saved to: reports/full_report_20260327_163634.html
[2026-03-27 16:36:36] [SUCCESS] Short report sent to fatehhammiche7@gmail.com
[2026-03-27 16:36:38] [SUCCESS] Full report sent to fatehhammiche7@gmail.com
[2026-03-27 16:36:38] [INFO] Cleaning up old reports (older than 30 days)...
[2026-03-27 16:36:38] [INFO] Cleanup completed
[2026-03-27 16:36:38] [INFO] ========== SYSTEM AUDIT COMPLETED ==========
[2026-03-27 18:28:35] [INFO] ========== SYSTEM AUDIT STARTED ==========
[2026-03-27 18:28:35] [INFO] Checking requirements...
[2026-03-27 18:28:35] [INFO] All requirements satisfied
[2026-03-27 18:28:35] [INFO] Short report saved to: reports/short_report_20260327_182835.html
[2026-03-27 18:28:41] [INFO] Full report saved to: reports/full_report_20260327_182835.html
[2026-03-27 18:28:43] [SUCCESS] Short report sent to fatehhammiche7@gmail.com
[2026-03-27 18:28:45] [SUCCESS] Full report sent to fatehhammiche7@gmail.com
[2026-03-27 18:28:45] [INFO] Cleaning up old reports (older than 30 days)...
[2026-03-27 18:28:45] [INFO] Cleanup completed
[2026-03-27 18:28:45] [INFO] ========== SYSTEM AUDIT COMPLETED ==========
[2026-03-27 18:28:58] [INFO] ========== SYSTEM AUDIT STARTED ==========
[2026-03-27 18:28:58] [INFO] Checking requirements...
[2026-03-27 18:28:58] [INFO] All requirements satisfied
[2026-03-27 18:28:58] [INFO] Short report saved to: reports/short_report_20260327_182858.html
[2026-03-27 18:29:02] [INFO] Full report saved to: reports/full_report_20260327_182858.html
[2026-03-27 18:29:04] [SUCCESS] Short report sent to fatehhammiche7@gmail.com
[2026-03-27 18:29:06] [SUCCESS] Full report sent to fatehhammiche7@gmail.com
[2026-03-27 18:29:06] [INFO] Cleaning up old reports (older than 30 days)...
[2026-03-27 18:29:06] [INFO] Cleanup completed
[2026-03-27 18:29:06] [INFO] ========== SYSTEM AUDIT COMPLETED ==========
