[2026-04-09 00:57:46] [INFO] ========== SYSTEM AUDIT STARTED ==========
[2026-04-09 00:57:46] [INFO] Checking requirements...
[2026-04-09 00:57:46] [INFO] All requirements satisfied
[2026-04-09 00:57:46] [INFO] Short report saved to: reports/short_report_20260409_005746.html
[2026-04-09 00:57:48] [INFO] Full report saved to: reports/full_report_20260409_005746.html
[2026-04-09 00:57:48] [SUCCESS] Short report sent to fatehhammiche7@gmail.com
[2026-04-09 00:57:48] [SUCCESS] Full report sent to fatehhammiche7@gmail.com
[2026-04-09 00:57:48] [INFO] Cleaning up old reports (older than 30 days)...
[2026-04-09 00:57:48] [INFO] Cleanup completed
[2026-04-09 00:57:48] [INFO] ========== SYSTEM AUDIT COMPLETED ==========
[2026-04-09 00:59:06] [INFO] ========== SYSTEM AUDIT STARTED ==========
[2026-04-09 00:59:06] [INFO] Checking requirements...
[2026-04-09 00:59:06] [INFO] All requirements satisfied
[2026-04-09 00:59:06] [INFO] Short report saved to: reports/short_report_20260409_005906.html
[2026-04-09 00:59:08] [INFO] Full report saved to: reports/full_report_20260409_005906.html
[2026-04-09 00:59:08] [SUCCESS] Short report sent to fatehhammiche7@gmail.com
[2026-04-09 00:59:08] [SUCCESS] Full report sent to fatehhammiche7@gmail.com
[2026-04-09 00:59:08] [INFO] Cleaning up old reports (older than 30 days)...
[2026-04-09 00:59:08] [INFO] Cleanup completed
[2026-04-09 00:59:08] [INFO] ========== SYSTEM AUDIT COMPLETED ==========
[2026-04-09 00:59:41] [INFO] ========== SYSTEM AUDIT STARTED ==========
[2026-04-09 00:59:41] [INFO] Checking requirements...
[2026-04-09 00:59:41] [INFO] All requirements satisfied
[2026-04-09 00:59:41] [INFO] Short report saved to: reports/short_report_20260409_005941.html
[2026-04-09 00:59:43] [INFO] Full report saved to: reports/full_report_20260409_005941.html
[2026-04-09 00:59:43] [SUCCESS] Short report sent to fatehhammiche7@gmail.com
[2026-04-09 00:59:43] [SUCCESS] Full report sent to fatehhammiche7@gmail.com
[2026-04-09 00:59:43] [INFO] Cleaning up old reports (older than 30 days)...
[2026-04-09 00:59:43] [INFO] Cleanup completed
[2026-04-09 00:59:43] [INFO] ========== SYSTEM AUDIT COMPLETED ==========
