[2026-04-12 10:48:29] [INFO] ========== SYSTEM AUDIT STARTED ==========
[2026-04-12 10:48:29] [INFO] Checking requirements...
[2026-04-12 10:48:29] [INFO] All requirements satisfied
[2026-04-12 10:48:29] [INFO] Short report saved to: reports/short_report_20260412_104829.html
[2026-04-12 10:48:31] [INFO] Full report saved to: reports/full_report_20260412_104829.html
[2026-04-12 10:48:33] [SUCCESS] Short report sent to fatehhammiche7@gmail.com
[2026-04-12 10:48:35] [SUCCESS] Full report sent to fatehhammiche7@gmail.com
[2026-04-12 10:48:35] [INFO] Cleaning up old reports (older than 30 days)...
[2026-04-12 10:48:35] [INFO] Cleanup completed
[2026-04-12 10:48:35] [INFO] ========== SYSTEM AUDIT COMPLETED ==========
[2026-04-12 11:13:01] [INFO] ========== SYSTEM AUDIT STARTED ==========
[2026-04-12 11:13:01] [INFO] Checking requirements...
[2026-04-12 11:13:01] [INFO] All requirements satisfied
[2026-04-12 11:13:01] [INFO] Short report saved to: reports/short_report_20260412_111301.html
[2026-04-12 11:13:03] [INFO] Full report saved to: reports/full_report_20260412_111301.html
[2026-04-12 11:13:04] [SUCCESS] Short report sent to fatehhammiche7@gmail.com
[2026-04-12 11:13:06] [SUCCESS] Full report sent to fatehhammiche7@gmail.com
[2026-04-12 11:13:06] [INFO] Cleaning up old reports (older than 30 days)...
[2026-04-12 11:13:06] [INFO] Cleanup completed
[2026-04-12 11:13:06] [INFO] ========== SYSTEM AUDIT COMPLETED ==========
[2026-04-12 22:27:02] [INFO] ========== SYSTEM AUDIT STARTED ==========
[2026-04-12 22:27:02] [INFO] Checking requirements...
[2026-04-12 22:27:02] [INFO] All requirements satisfied
[2026-04-12 22:27:02] [INFO] Short report saved to: reports/short_report_20260412_222701.html
[2026-04-12 22:27:04] [INFO] Full report saved to: reports/full_report_20260412_222701.html
[2026-04-12 22:27:04] [INFO] Cleaning up old reports (older than 30 days)...
[2026-04-12 22:27:04] [INFO] Cleanup completed
[2026-04-12 22:27:04] [INFO] ========== SYSTEM AUDIT COMPLETED ==========
[2026-04-12 22:45:01] [INFO] ========== SYSTEM AUDIT STARTED ==========
[2026-04-12 22:45:01] [INFO] Checking requirements...
[2026-04-12 22:45:01] [INFO] All requirements satisfied
[2026-04-12 22:45:01] [INFO] Short report saved to: reports/short_report_20260412_224501.html
[2026-04-12 22:45:03] [INFO] Full report saved to: reports/full_report_20260412_224501.html
[2026-04-12 22:45:20] [SUCCESS] Short report sent to fatehhammiche7@gmail.com
[2026-04-12 22:45:23] [SUCCESS] Full report sent to fatehhammiche7@gmail.com
[2026-04-12 22:45:23] [INFO] Cleaning up old reports (older than 30 days)...
[2026-04-12 22:45:23] [INFO] Cleanup completed
[2026-04-12 22:45:23] [INFO] ========== SYSTEM AUDIT COMPLETED ==========
