Mon Apr 13 12:34:28 AM CET 2026: Script started
Mon Apr 13 12:48:09 AM CET 2026: Remote audit started
Mon Apr 13 12:48:15 AM CET 2026: Audit executed successfully
Mon Apr 13 12:48:16 AM CET 2026: Remote audit completed
Mon Apr 13 04:33:50 PM CET 2026: Remote audit started
Mon Apr 13 04:34:03 PM CET 2026: Audit executed successfully
Mon Apr 13 04:34:04 PM CET 2026: Remote audit completed
Mon Apr 13 04:42:01 PM CET 2026: Script started
Mon Apr 13 04:52:01 PM CET 2026: Script started
Mon Apr 13 04:52:01 PM CET 2026: Remote audit started
Mon Apr 13 04:52:18 PM CET 2026: Audit executed successfully
Mon Apr 13 04:52:19 PM CET 2026: Remote audit completed
Mon Apr 13 09:40:14 PM CET 2026: Script started
Mon Apr 13 09:45:41 PM CET 2026: Script started
Mon Apr 13 10:01:55 PM CET 2026: Script started
Mon Apr 13 11:25:23 PM CET 2026: Remote audit started
Mon Apr 13 11:26:56 PM CET 2026: Audit executed successfully
Mon Apr 13 11:26:58 PM CET 2026: Remote audit completed
Mon Apr 13 11:51:15 PM CET 2026: Remote audit started
Mon Apr 13 11:53:00 PM CET 2026: Audit failed
