
[1;36m=========================================[0m
[1;36m     SYSTEM REPORT - AUTO SEND[0m
[1;36m=========================================[0m
Date: Sat Mar 28 10:52:01 PM CET 2026

[1;36m✓ Short HTML report saved to: reports/short_report_20260328_225201.html[0m
[1;36m✓ Full HTML report saved to: reports/full_report_20260328_225201.html[0m

Sending reports via email...
-----------------------------------------
Sending to: fatehhammiche7@gmail.com
[32m✓ Short report sent to fatehhammiche7@gmail.com[0m
[32m✓ Full report sent to fatehhammiche7@gmail.com[0m

[1;36m=========================================[0m
[32m✓ All reports sent successfully![0m
[1;36m=========================================[0m

[1;36m=========================================[0m
[1;36m     SYSTEM REPORT - AUTO SEND[0m
[1;36m=========================================[0m
Date: Sat Mar 28 10:53:01 PM CET 2026

[1;36m✓ Short HTML report saved to: reports/short_report_20260328_225301.html[0m
[1;36m✓ Full HTML report saved to: reports/full_report_20260328_225301.html[0m

Sending reports via email...
-----------------------------------------
Sending to: fatehhammiche7@gmail.com
[32m✓ Short report sent to fatehhammiche7@gmail.com[0m
[32m✓ Full report sent to fatehhammiche7@gmail.com[0m

[1;36m=========================================[0m
[32m✓ All reports sent successfully![0m
[1;36m=========================================[0m

[1;36m=========================================[0m
[1;36m     SYSTEM REPORT - AUTO SEND[0m
[1;36m=========================================[0m
Date: Sat Mar 28 10:55:01 PM CET 2026

[1;36m✓ Short HTML report saved to: reports/short_report_20260328_225501.html[0m
[1;36m✓ Full HTML report saved to: reports/full_report_20260328_225501.html[0m

Sending reports via email...
-----------------------------------------
Sending to: fatehhammiche7@gmail.com
[32m✓ Short report sent to fatehhammiche7@gmail.com[0m
[32m✓ Full report sent to fatehhammiche7@gmail.com[0m

[1;36m=========================================[0m
[32m✓ All reports sent successfully![0m
[1;36m=========================================[0m

[1;36m=========================================[0m
[1;36m     SYSTEM REPORT - AUTO SEND[0m
[1;36m=========================================[0m
Date: Sat Mar 28 11:02:01 PM CET 2026

[1;36m✓ Short HTML report saved to: reports/short_report_20260328_230201.html[0m
[1;36m✓ Full HTML report saved to: reports/full_report_20260328_230201.html[0m

Sending reports via email...
-----------------------------------------
Sending to: fatehhammiche7@gmail.com
[32m✓ Short report sent to fatehhammiche7@gmail.com[0m
[32m✓ Full report sent to fatehhammiche7@gmail.com[0m

[1;36m=========================================[0m
[32m✓ All reports sent successfully![0m
[1;36m=========================================[0m

[1;36m=========================================[0m
[1;36m     SYSTEM REPORT - AUTO SEND[0m
[1;36m=========================================[0m
Date: Sun Apr 12 11:13:01 AM CET 2026

[1;36m✓ Short HTML report saved to: reports/short_report_20260412_111301.html[0m
[1;36m✓ Full HTML report saved to: reports/full_report_20260412_111301.html[0m

Sending reports via email...
-----------------------------------------
Sending to: fatehhammiche7@gmail.com
[32m✓ Short report sent to fatehhammiche7@gmail.com[0m
[32m✓ Full report sent to fatehhammiche7@gmail.com[0m

[1;36m=========================================[0m
[32m✓ All reports sent successfully![0m
[1;36m=========================================[0m

[1;36m=========================================[0m
[1;36m     SYSTEM REPORT - AUTO SEND[0m
[1;36m=========================================[0m
Date: Sun Apr 12 10:27:02 PM CET 2026

[1;36m✓ Short HTML report saved to: reports/short_report_20260412_222701.html[0m
[1;36m✓ Full HTML report saved to: reports/full_report_20260412_222701.html[0m

Sending reports via email...
-----------------------------------------

[1;36m=========================================[0m
[32m✓ All reports sent successfully![0m
[1;36m=========================================[0m

[1;36m=========================================[0m
[1;36m     SYSTEM REPORT - AUTO SEND[0m
[1;36m=========================================[0m
Date: Sun Apr 12 10:45:01 PM CET 2026

[1;36m✓ Short HTML report saved to: reports/short_report_20260412_224501.html[0m
[1;36m✓ Full HTML report saved to: reports/full_report_20260412_224501.html[0m

Sending reports via email...
-----------------------------------------
Sending to: fatehhammiche7@gmail.com
[32m✓ Short report sent to fatehhammiche7@gmail.com[0m
[32m✓ Full report sent to fatehhammiche7@gmail.com[0m

[1;36m=========================================[0m
[32m✓ All reports sent successfully![0m
[1;36m=========================================[0m

[1;36m=========================================[0m
[1;36m     SYSTEM REPORT - AUTO SEND[0m
[1;36m=========================================[0m
Date: Mon Apr 13 04:42:01 PM CET 2026

[1;36m✓ Short HTML report saved to: reports/short_report_20260413_164201.html[0m
[1;36m✓ Full HTML report saved to: reports/full_report_20260413_164201.html[0m

Sending reports via email...
-----------------------------------------
Sending to: fatehhammiche7@gmail.com
[32m✓ Short report sent to fatehhammiche7@gmail.com[0m
[32m✓ Full report sent to fatehhammiche7@gmail.com[0m

[1;36m=========================================[0m
[32m✓ All reports sent successfully![0m
[1;36m=========================================[0m
